app/build/outputs/logs/manifest-merger-release-report.txt
-- Merging decision tree log ---
manifest
ADDED from src\main\AndroidManifest.xml:2:1-49:12
	package
		ADDED from src\main\AndroidManifest.xml:3:5-34
		INJECTED from src\main\AndroidManifest.xml
		INJECTED from src\main\AndroidManifest.xml
	android:versionName
		INJECTED from src\main\AndroidManifest.xml
		INJECTED from src\main\AndroidManifest.xml
	xmlns:android
		ADDED from src\main\AndroidManifest.xml:2:11-69
	android:versionCode
		INJECTED from src\main\AndroidManifest.xml
		INJECTED from src\main\AndroidManifest.xml
uses-permission#android.permission.INTERNET
ADDED from src\main\AndroidManifest.xml:8:5-67
MERGED from [com.aliyun.ams:alicloud-android-hotfix:3.1.0] AndroidManifest.xml:11:5-67
	android:name
		ADDED from src\main\AndroidManifest.xml:8:22-64
uses-permission#android.permission.ACCESS_NETWORK_STATE
ADDED from src\main\AndroidManifest.xml:9:5-79
MERGED from [com.aliyun.ams:alicloud-android-hotfix:3.1.0] AndroidManifest.xml:12:5-79
	android:name
		ADDED from src\main\AndroidManifest.xml:9:22-76
uses-permission#android.permission.ACCESS_WIFI_STATE
ADDED from src\main\AndroidManifest.xml:10:5-76
MERGED from [com.aliyun.ams:alicloud-android-hotfix:3.1.0] AndroidManifest.xml:13:5-76
	android:name
		ADDED from src\main\AndroidManifest.xml:10:22-73
uses-permission#android.permission.READ_EXTERNAL_STORAGE
ADDED from src\main\AndroidManifest.xml:12:5-79
MERGED from [com.aliyun.ams:alicloud-android-hotfix:3.1.0] AndroidManifest.xml:14:5-80
	android:name
		ADDED from src\main\AndroidManifest.xml:12:22-77
uses-sdk
ADDED from src\main\AndroidManifest.xml:13:5-15:41
MERGED from [com.android.support:support-v4:23.0.0] AndroidManifest.xml:20:5-43
MERGED from [com.aliyun.ams:alicloud-android-hotfix:3.1.0] AndroidManifest.xml:7:5-9:41
	android:targetSdkVersion
		ADDED from src\main\AndroidManifest.xml:15:9-38
		INJECTED from src\main\AndroidManifest.xml
		INJECTED from src\main\AndroidManifest.xml
	android:minSdkVersion
		ADDED from src\main\AndroidManifest.xml:14:9-34
		INJECTED from src\main\AndroidManifest.xml
		INJECTED from src\main\AndroidManifest.xml
application
ADDED from src\main\AndroidManifest.xml:17:5-47:19
MERGED from [com.android.support:support-v4:23.0.0] AndroidManifest.xml:22:5-20
MERGED from [com.aliyun.ams:alicloud-android-hotfix:3.1.0] AndroidManifest.xml:16:5-27:19
	android:label
		ADDED from src\main\AndroidManifest.xml:20:9-41
	android:allowBackup
		ADDED from src\main\AndroidManifest.xml:18:9-35
	android:icon
		ADDED from src\main\AndroidManifest.xml:19:9-45
	android:theme
		ADDED from src\main\AndroidManifest.xml:22:9-40
	android:name
		ADDED from src\main\AndroidManifest.xml:21:9-50
activity#com.jgduan.activity.MainActivity
ADDED from src\main\AndroidManifest.xml:23:9-31:20
	android:label
		ADDED from src\main\AndroidManifest.xml:25:13-45
	android:name
		ADDED from src\main\AndroidManifest.xml:24:13-60
intent-filter#android.intent.action.MAIN+android.intent.category.LAUNCHER
ADDED from src\main\AndroidManifest.xml:26:13-30:29
action#android.intent.action.MAIN
ADDED from src\main\AndroidManifest.xml:27:17-69
	android:name
		ADDED from src\main\AndroidManifest.xml:27:25-66
category#android.intent.category.LAUNCHER
ADDED from src\main\AndroidManifest.xml:29:17-77
	android:name
		ADDED from src\main\AndroidManifest.xml:29:27-74
meta-data#com.taobao.android.hotfix.IDSECRET
ADDED from src\main\AndroidManifest.xml:38:9-40:42
	android:value
		ADDED from src\main\AndroidManifest.xml:40:13-39
	android:name
		ADDED from src\main\AndroidManifest.xml:39:13-62
meta-data#com.taobao.android.hotfix.APPSECRET
ADDED from src\main\AndroidManifest.xml:41:9-43:64
	android:value
		ADDED from src\main\AndroidManifest.xml:43:13-61
	android:name
		ADDED from src\main\AndroidManifest.xml:42:13-63
meta-data#com.taobao.android.hotfix.RSASECRET
ADDED from src\main\AndroidManifest.xml:44:9-46:1656
	android:value
		ADDED from src\main\AndroidManifest.xml:46:13-1653
	android:name
		ADDED from src\main\AndroidManifest.xml:45:13-63
service#com.taobao.sophix.aidl.DownloadService
ADDED from [com.aliyun.ams:alicloud-android-hotfix:3.1.0] AndroidManifest.xml:17:9-25:19
	android:exported
		ADDED from [com.aliyun.ams:alicloud-android-hotfix:3.1.0] AndroidManifest.xml:19:13-36
	android:name
		ADDED from [com.aliyun.ams:alicloud-android-hotfix:3.1.0] AndroidManifest.xml:18:13-66
intent-filter#android.intent.category.DEFAULT+com.taobao.hotfix.action
ADDED from [com.aliyun.ams:alicloud-android-hotfix:3.1.0] AndroidManifest.xml:20:13-24:29
action#com.taobao.hotfix.action
ADDED from [com.aliyun.ams:alicloud-android-hotfix:3.1.0] AndroidManifest.xml:21:17-67
	android:name
		ADDED from [com.aliyun.ams:alicloud-android-hotfix:3.1.0] AndroidManifest.xml:21:25-64
category#android.intent.category.DEFAULT
ADDED from [com.aliyun.ams:alicloud-android-hotfix:3.1.0] AndroidManifest.xml:23:17-76
	android:name
		ADDED from [com.aliyun.ams:alicloud-android-hotfix:3.1.0] AndroidManifest.xml:23:27-73